<?xml version="1.0" encoding="UTF-8"?>
<testsuite xmlns:xsi="http://www.w3.org/2001/XMLSchema-instance" xsi:noNamespaceSchemaLocation="https://maven.apache.org/surefire/maven-surefire-plugin/xsd/surefire-test-report-3.0.xsd" version="3.0" name="com.bank.AccountTest" time="0.047" tests="3" errors="0" skipped="0" failures="0">
  <properties>
[...]
</properties>
  <testcase name="testPrintStatement" classname="com.bank.AccountTest" time="0.016">
    <system-out><![CDATA[Date               || Amount                     || Balance
Date: 2025-01-30 || Amount: 1000 || Balance: 1000
Date: 2025-01-30 || Amount: 2000 || Balance: 3000
Date: 2025-01-30 || Amount: -500 || Balance: 2500
]]></system-out>
  </testcase>
  <testcase name="testWithdraw" classname="com.bank.AccountTest" time="0.0"/>
  <testcase name="testDeposit" classname="com.bank.AccountTest" time="0.0"/>
</testsuite>